<?xml version="1.0" encoding="UTF-8"?>
<!-- Generated by org.testng.reporters.JUnitReportReporter -->
<testsuite hostname="LAPTOP-23QE07RQ" failures="0" tests="1" name="cucumberOptions.TestNGTestRunner" time="12.418" errors="0" timestamp="2024-11-23T16:38:51 IST" skipped="0">
  <testcase classname="cucumberOptions.TestNGTestRunner" name="runScenario" time="12.418"/>
  <system-out/>
</testsuite> <!-- cucumberOptions.TestNGTestRunner -->
